<?xml version="1.0" encoding="UTF-8"?>
<testsuite name="com.jong960107.web04_self3.Web04Self3ApplicationTests" tests="1" skipped="0" failures="0" errors="0" timestamp="2021-06-12T14:17:19" hostname="jeongdahyeon-ui-MacBookAir.local" time="0.354">
  <properties/>
  <testcase name="contextLoads()" classname="com.jong960107.web04_self3.Web04Self3ApplicationTests" time="0.354"/>
  <system-out><![CDATA[23:17:03.083 [Test worker] DEBUG org.springframework.test.context.BootstrapUtils - Instantiating CacheAwareContextLoaderDelegate from class [org.springframework.test.context.cache.DefaultCacheAwareContextLoaderDelegate]
23:17:03.116 [Test worker] DEBUG org.springframework.test.context.BootstrapUtils - Instantiating BootstrapContext using constructor [public org.springframework.test.context.support.DefaultBootstrapContext(java.lang.Class,org.springframework.test.context.CacheAwareContextLoaderDelegate)]
23:17:03.189 [Test worker] DEBUG org.springframework.test.context.BootstrapUtils - Instantiating TestContextBootstrapper for test class [com.jong960107.web04_self3.Web04Self3ApplicationTests] from class [org.springframework.boot.test.context.SpringBootTestContextBootstrapper]
23:17:03.222 [Test worker] INFO org.springframework.boot.test.context.SpringBootTestContextBootstrapper - Neither @ContextConfiguration nor @ContextHierarchy found for test class [com.jong960107.web04_self3.Web04Self3ApplicationTests], using SpringBootContextLoader
23:17:03.231 [Test worker] DEBUG org.springframework.test.context.support.AbstractContextLoader - Did not detect default resource location for test class [com.jong960107.web04_self3.Web04Self3ApplicationTests]: class path resource [com/jong960107/web04_self3/Web04Self3ApplicationTests-context.xml] does not exist
23:17:03.232 [Test worker] DEBUG org.springframework.test.context.support.AbstractContextLoader - Did not detect default resource location for test class [com.jong960107.web04_self3.Web04Self3ApplicationTests]: class path resource [com/jong960107/web04_self3/Web04Self3ApplicationTestsContext.groovy] does not exist
23:17:03.232 [Test worker] INFO org.springframework.test.context.support.AbstractContextLoader - Could not detect default resource locations for test class [com.jong960107.web04_self3.Web04Self3ApplicationTests]: no resource found for suffixes {-context.xml, Context.groovy}.
23:17:03.236 [Test worker] INFO org.springframework.test.context.support.AnnotationConfigContextLoaderUtils - Could not detect default configuration classes for test class [com.jong960107.web04_self3.Web04Self3ApplicationTests]: Web04Self3ApplicationTests does not declare any static, non-private, non-final, nested classes annotated with @Configuration.
23:17:03.341 [Test worker] DEBUG org.springframework.test.context.support.ActiveProfilesUtils - Could not find an 'annotation declaring class' for annotation type [org.springframework.test.context.ActiveProfiles] and class [com.jong960107.web04_self3.Web04Self3ApplicationTests]
23:17:03.491 [Test worker] DEBUG org.springframework.context.annotation.ClassPathScanningCandidateComponentProvider - Identified candidate component class: file [/Users/jongdahyeon/Desktop/웹/web04_self3/build/classes/java/main/com/jong960107/web04_self3/Web04Self3Application.class]
23:17:03.493 [Test worker] INFO org.springframework.boot.test.context.SpringBootTestContextBootstrapper - Found @SpringBootConfiguration com.jong960107.web04_self3.Web04Self3Application for test class com.jong960107.web04_self3.Web04Self3ApplicationTests
23:17:03.681 [Test worker] DEBUG org.springframework.boot.test.context.SpringBootTestContextBootstrapper - @TestExecutionListeners is not present for class [com.jong960107.web04_self3.Web04Self3ApplicationTests]: using defaults.
23:17:03.683 [Test worker] INFO org.springframework.boot.test.context.SpringBootTestContextBootstrapper - Loaded default TestExecutionListener class names from location [META-INF/spring.factories]: [org.springframework.boot.test.autoconfigure.restdocs.RestDocsTestExecutionListener, org.springframework.boot.test.autoconfigure.web.client.MockRestServiceServerResetTestExecutionListener, org.springframework.boot.test.autoconfigure.web.servlet.MockMvcPrintOnlyOnFailureTestExecutionListener, org.springframework.boot.test.autoconfigure.web.servlet.WebDriverTestExecutionListener, org.springframework.boot.test.autoconfigure.webservices.client.MockWebServiceServerTestExecutionListener, org.springframework.boot.test.mock.mockito.MockitoTestExecutionListener, org.springframework.boot.test.mock.mockito.ResetMocksTestExecutionListener, org.springframework.test.context.web.ServletTestExecutionListener, org.springframework.test.context.support.DirtiesContextBeforeModesTestExecutionListener, org.springframework.test.context.event.ApplicationEventsTestExecutionListener, org.springframework.test.context.support.DependencyInjectionTestExecutionListener, org.springframework.test.context.support.DirtiesContextTestExecutionListener, org.springframework.test.context.transaction.TransactionalTestExecutionListener, org.springframework.test.context.jdbc.SqlScriptsTestExecutionListener, org.springframework.test.context.event.EventPublishingTestExecutionListener]
23:17:03.777 [Test worker] INFO org.springframework.boot.test.context.SpringBootTestContextBootstrapper - Using TestExecutionListeners: [org.springframework.test.context.web.ServletTestExecutionListener@5fd764fc, org.springframework.test.context.support.DirtiesContextBeforeModesTestExecutionListener@f76cfd2, org.springframework.test.context.event.ApplicationEventsTestExecutionListener@e80271f, org.springframework.boot.test.mock.mockito.MockitoTestExecutionListener@3ea92fd3, org.springframework.boot.test.autoconfigure.SpringBootDependencyInjectionTestExecutionListener@5abd5c7e, org.springframework.test.context.support.DirtiesContextTestExecutionListener@630c10a4, org.springframework.test.context.transaction.TransactionalTestExecutionListener@6c3b7b05, org.springframework.test.context.jdbc.SqlScriptsTestExecutionListener@1b9b06e6, org.springframework.test.context.event.EventPublishingTestExecutionListener@2bf5e747, org.springframework.boot.test.autoconfigure.restdocs.RestDocsTestExecutionListener@287f4bad, org.springframework.boot.test.autoconfigure.web.client.MockRestServiceServerResetTestExecutionListener@1fabeef4, org.springframework.boot.test.autoconfigure.web.servlet.MockMvcPrintOnlyOnFailureTestExecutionListener@5c4467d1, org.springframework.boot.test.autoconfigure.web.servlet.WebDriverTestExecutionListener@588f6cc1, org.springframework.boot.test.autoconfigure.webservices.client.MockWebServiceServerTestExecutionListener@aff765e, org.springframework.boot.test.mock.mockito.ResetMocksTestExecutionListener@4ae3f5bb]
23:17:03.795 [Test worker] DEBUG org.springframework.test.context.support.AbstractDirtiesContextTestExecutionListener - Before test class: context [DefaultTestContext@1d53bf97 testClass = Web04Self3ApplicationTests, testInstance = [null], testMethod = [null], testException = [null], mergedContextConfiguration = [WebMergedContextConfiguration@53f90983 testClass = Web04Self3ApplicationTests, locations = '{}', classes = '{class com.jong960107.web04_self3.Web04Self3Application}', contextInitializerClasses = '[]', activeProfiles = '{}', propertySourceLocations = '{}', propertySourceProperties = '{org.springframework.boot.test.context.SpringBootTestContextBootstrapper=true}', contextCustomizers = set[org.springframework.boot.test.autoconfigure.actuate.metrics.MetricsExportContextCustomizerFactory$DisableMetricExportContextCustomizer@7f4f9726, org.springframework.boot.test.autoconfigure.properties.PropertyMappingContextCustomizer@0, org.springframework.boot.test.autoconfigure.web.servlet.WebDriverContextCustomizerFactory$Customizer@626e23d, org.springframework.boot.test.context.filter.ExcludeFilterContextCustomizer@22fd3643, org.springframework.boot.test.json.DuplicateJsonObjectContextCustomizerFactory$DuplicateJsonObjectContextCustomizer@24009791, org.springframework.boot.test.mock.mockito.MockitoContextCustomizer@0, org.springframework.boot.test.web.client.TestRestTemplateContextCustomizer@1fbc27f2, org.springframework.boot.test.context.SpringBootTestArgs@1, org.springframework.boot.test.context.SpringBootTestWebEnvironment@46be8eaf], resourceBasePath = 'src/main/webapp', contextLoader = 'org.springframework.boot.test.context.SpringBootContextLoader', parent = [null]], attributes = map['org.springframework.test.context.web.ServletTestExecutionListener.activateListener' -> true]], class annotated with @DirtiesContext [false] with mode [null].
23:17:03.875 [Test worker] DEBUG org.springframework.test.context.support.TestPropertySourceUtils - Adding inlined properties to environment: {spring.jmx.enabled=false, org.springframework.boot.test.context.SpringBootTestContextBootstrapper=true}

  .   ____          _            __ _ _
 /\\ / ___'_ __ _ _(_)_ __  __ _ \ \ \ \
( ( )\___ | '_ | '_| | '_ \/ _` | \ \ \ \
 \\/  ___)| |_)| | | | | || (_| |  ) ) ) )
  '  |____| .__|_| |_|_| |_\__, | / / / /
 =========|_|==============|___/=/_/_/_/
 :: Spring Boot ::                (v2.5.0)

2021-06-12 23:17:04.863  WARN 66398 --- [    Test worker] ory$DuplicateJsonObjectContextCustomizer : 

Found multiple occurrences of org.json.JSONObject on the class path:

	jar:file:/Users/jongdahyeon/.gradle/caches/modules-2/files-2.1/org.json/json/20160810/aca5eb39e2a12fddd6c472b240afe9ebea3a6733/json-20160810.jar!/org/json/JSONObject.class
	jar:file:/Users/jongdahyeon/.gradle/caches/modules-2/files-2.1/com.vaadin.external.google/android-json/0.0.20131108.vaadin1/fa26d351fe62a6a17f5cda1287c1c6110dec413f/android-json-0.0.20131108.vaadin1.jar!/org/json/JSONObject.class

You may wish to exclude one of them to ensure predictable runtime behavior

2021-06-12 23:17:05.105  INFO 66398 --- [    Test worker] c.j.w.Web04Self3ApplicationTests         : Starting Web04Self3ApplicationTests using Java 1.8.0_292 on jeongdahyeon-ui-MacBookAir.local with PID 66398 (started by jongdahyeon in /Users/jongdahyeon/Desktop/웹/web04_self3)
2021-06-12 23:17:05.117  INFO 66398 --- [    Test worker] c.j.w.Web04Self3ApplicationTests         : No active profile set, falling back to default profiles: default
2021-06-12 23:17:06.609  INFO 66398 --- [    Test worker] .s.d.r.c.RepositoryConfigurationDelegate : Bootstrapping Spring Data JPA repositories in DEFAULT mode.
2021-06-12 23:17:06.850  INFO 66398 --- [    Test worker] .s.d.r.c.RepositoryConfigurationDelegate : Finished Spring Data repository scanning in 220 ms. Found 1 JPA repository interfaces.
2021-06-12 23:17:09.332  INFO 66398 --- [    Test worker] com.zaxxer.hikari.HikariDataSource       : HikariPool-1 - Starting...
2021-06-12 23:17:10.193  INFO 66398 --- [    Test worker] com.zaxxer.hikari.HikariDataSource       : HikariPool-1 - Start completed.
2021-06-12 23:17:10.842  INFO 66398 --- [    Test worker] o.hibernate.jpa.internal.util.LogHelper  : HHH000204: Processing PersistenceUnitInfo [name: default]
2021-06-12 23:17:11.126  INFO 66398 --- [    Test worker] org.hibernate.Version                    : HHH000412: Hibernate ORM core version 5.4.31.Final
2021-06-12 23:17:11.905  INFO 66398 --- [    Test worker] o.hibernate.annotations.common.Version   : HCANN000001: Hibernate Commons Annotations {5.1.2.Final}
2021-06-12 23:17:12.492  INFO 66398 --- [    Test worker] org.hibernate.dialect.Dialect            : HHH000400: Using dialect: org.hibernate.dialect.H2Dialect
2021-06-12 23:17:14.559  INFO 66398 --- [    Test worker] o.h.e.t.j.p.i.JtaPlatformInitiator       : HHH000490: Using JtaPlatform implementation: [org.hibernate.engine.transaction.jta.platform.internal.NoJtaPlatform]
2021-06-12 23:17:14.590  INFO 66398 --- [    Test worker] j.LocalContainerEntityManagerFactoryBean : Initialized JPA EntityManagerFactory for persistence unit 'default'
2021-06-12 23:17:17.106  WARN 66398 --- [    Test worker] JpaBaseConfiguration$JpaWebConfiguration : spring.jpa.open-in-view is enabled by default. Therefore, database queries may be performed during view rendering. Explicitly configure spring.jpa.open-in-view to disable this warning
2021-06-12 23:17:18.696  INFO 66398 --- [    Test worker] o.s.b.a.w.s.WelcomePageHandlerMapping    : Adding welcome page: class path resource [static/index.html]
2021-06-12 23:17:19.872  INFO 66398 --- [    Test worker] c.j.w.Web04Self3ApplicationTests         : Started Web04Self3ApplicationTests in 15.983 seconds (JVM running for 18.548)
2021-06-12 23:17:19.876  INFO 66398 --- [    Test worker] o.s.b.a.ApplicationAvailabilityBean      : Application availability state LivenessState changed to CORRECT
2021-06-12 23:17:19.895  INFO 66398 --- [    Test worker] o.s.b.a.ApplicationAvailabilityBean      : Application availability state ReadinessState changed to ACCEPTING_TRAFFIC
]]></system-out>
  <system-err><![CDATA[]]></system-err>
</testsuite>
